<?xml version="1.0" encoding="UTF-8"?>
<!-- Generated by org.testng.reporters.JUnitReportReporter -->
<testsuite skipped="0" hostname="ip-172-31-9-114" name="test.test" tests="1" failures="0" timestamp="25 Feb 2021 04:08:38 GMT" time="17.664" errors="0">
  <testcase name="logintest" time="17.664" classname="test.test"/>
</testsuite> <!-- test.test -->
