<?xml version="1.0" encoding="UTF-8"?>
<!-- Generated by org.testng.reporters.JUnitReportReporter -->
<testsuite skipped="0" hostname="ip-172-31-9-114" name="test.test" tests="1" failures="0" timestamp="24 Feb 2021 06:06:38 GMT" time="18.181" errors="0">
  <testcase name="logintest" time="18.181" classname="test.test"/>
</testsuite> <!-- test.test -->
